Mon May 31 11:39:08 CEST 2021 : Apache Derby Network Server - 10.14.2.0 - (1828579) started and ready to accept connections on port 1527
----------------------------------------------------------------
Mon May 31 11:39:08 CEST 2021:
Booting Derby version The Apache Software Foundation - Apache Derby - 10.14.2.0 - (1828579): instance a816c00e-0179-c1ca-903c-00002265f1c8 
on database directory C:\Users\armin\OneDrive\Dokumente\GitHub\3CHIF\POS\NBProjects\Airlines\Airlines\Airlines with class loader jdk.internal.loader.ClassLoaders$AppClassLoader@c387f44 
Loaded from file:/C:/Users/armin/OneDrive/Dokumente/GitHub/3CHIF/POS/NBProjects/db-derby-10.14.2.0-bin/lib/derby.jar
java.vendor=Oracle Corporation
java.runtime.version=14.0.2+12-46
user.dir=C:\Users\armin\OneDrive\Dokumente\GitHub\3CHIF\POS\NBProjects\db-derby-10.14.2.0-bin
os.name=Windows 10
os.arch=amd64
os.version=10.0
derby.system.home=C:\Users\armin\OneDrive\Dokumente\GitHub\3CHIF\POS\NBProjects\Airlines\Airlines
Database Class Loader started - derby.database.classpath=''
----------------------------------------------------------------
Mon May 31 11:41:28 CEST 2021:
Instanz a816c00e-0179-c1ca-903c-00002265f1c8 im Datenbankverzeichnis C:\Users\armin\OneDrive\Dokumente\GitHub\3CHIF\POS\NBProjects\Airlines\Airlines\Airlines mit Class Loader jdk.internal.loader.ClassLoaders$AppClassLoader@c387f44 wird heruntergefahren
Mon May 31 11:41:28 CEST 2021 Thread[DRDAConnThread_3,5,main] (DATABASE = Airlines), (DRDAID = {2}), Datenbank 'Airlines' wird heruntergefahren.
----------------------------------------------------------------
Mon May 31 11:41:53 CEST 2021: Shutting down Derby engine
----------------------------------------------------------------
